<?xml version="1.0" encoding="UTF-8"?>
<!-- Generated by org.testng.reporters.JUnitXMLReporter -->
<testsuite ignored="0" hostname="WAHEGURU" failures="0" tests="5" name="assert Test" time="0.156" errors="0" timestamp="2023-04-30T03:12:50 IST">
  <testcase classname="testpractice.AssertTest" name="dologin" time="0.027"/>
  <testcase classname="testpractice.AssertTest" name="logout" time="0.008"/>
  <testcase classname="testpractice.SkipAnnotationTest$SearchAndBuyPhone" name="search" time="0.003"/>
  <testcase classname="testpractice.SkipAnnotationTest$SearchAndBuyPhone" name="select" time="0.019"/>
  <testcase classname="testpractice.SkipAnnotationTest$SearchAndBuyPhone" name="checkout" time="0.008"/>
</testsuite> <!-- assert Test -->
