<?xml version="1.0" encoding="UTF-8"?>
<!-- Generated by org.testng.reporters.JUnitXMLReporter -->
<testsuite ignored="0" hostname="WAHEGURU" failures="0" tests="6" name="CreateUser Test" time="0.594" errors="0" timestamp="2023-04-30T03:12:50 IST">
  <testcase classname="testpractice.CreateUser" name="createuser" time="0.007"/>
  <testcase classname="testpractice.CreateUser" name="createuser" time="0.02"/>
  <testcase classname="testpractice.CreateUser" name="createuser" time="0.009"/>
  <testcase classname="testpractice.CreateUser" name="deleteuser" time="0.01"/>
  <testcase classname="testpractice.CreateUser" name="deleteuser" time="0.013"/>
  <testcase classname="testpractice.CreateUser" name="deleteuser" time="0.027"/>
</testsuite> <!-- CreateUser Test -->
